<?xml version="1.0" encoding="UTF-8"?>
<!-- Generated by org.testng.reporters.JUnitReportReporter -->
<testsuite hostname="FACULTY-3F-1G" failures="0" tests="1" name="testScripts.CreateCustomer" time="18.538" errors="0" timestamp="2022-04-12T09:25:51 IST" skipped="0">
  <testcase classname="testScripts.CreateCustomer" name="createCustomer" time="18.538"/>
  <system-out/>
</testsuite> <!-- testScripts.CreateCustomer -->
